23,1554036090.920272
1,1554036090.920413
23,1554036090.920972
24,1554036090.921269
0,1554036090.923580
1,1554036090.923605
23,1554036090.927228
24,1554036090.927560
0,1554036090.928600
1,1554036090.928632
23,1554036090.935453
24,1554036090.935789
0,1554036090.936940
1,1554036090.936954
23,1554036090.940157
24,1554036090.940525
0,1554036090.941571
1,1554036090.941581
23,1554036090.944268
24,1554036090.944630
0,1554036090.945961
1,1554036090.945971
23,1554036090.949182
24,1554036090.949565
0,1554036090.951747
1,1554036090.951759
23,1554036090.951906
24,1554036090.952194
0,1554036090.953820
1,1554036090.953837
23,1554036090.954426
24,1554036090.954821
0,1554036090.955362
1,1554036090.955379
23,1554036090.955500
24,1554036090.955814
0,1554036090.958565
1,1554036090.958578
23,1554036090.958896
24,1554036090.959273
0,1554036090.960138
1,1554036090.960206
23,1554036090.960284
24,1554036090.960567
0,1554036090.962189
1,1554036090.962206
23,1554036090.965568
24,1554036090.965858
0,1554036090.987069
1,1554036090.987114
23,1554036090.990344
24,1554036090.990692
0,1554036090.998274
1,1554036090.998308
23,1554036090.998539
24,1554036090.998905
0,1554036091.000014
1,1554036091.000084
23,1554036091.000848
24,1554036091.001203
0,1554036091.004605
1,1554036091.004643
23,1554036091.004854
24,1554036091.005142
0,1554036091.008883
1,1554036091.008909
23,1554036091.010723
24,1554036091.011068
0,1554036091.012022
1,1554036091.012033
23,1554036091.012337
24,1554036091.012647
0,1554036091.016160
1,1554036091.016193
23,1554036091.016465
24,1554036091.016835
0,1554036091.017946
1,1554036091.018012
23,1554036091.020201
24,1554036091.020612
0,1554036091.024156
1,1554036091.024170
23,1554036091.025138
24,1554036091.025538
0,1554036091.028811
1,1554036091.028850
23,1554036091.030222
24,1554036091.030640
0,1554036091.034542
1,1554036091.034562
23,1554036091.035857
24,1554036091.036438
0,1554036091.038398
1,1554036091.038431
23,1554036091.040549
24,1554036091.040845
0,1554036091.043920
1,1554036091.043985
23,1554036091.044413
24,1554036091.044886
0,1554036091.046375
1,1554036091.046426
23,1554036091.046886
24,1554036091.047211
0,1554036091.049890
1,1554036091.049910
23,1554036091.050718
24,1554036091.051150
0,1554036091.053246
1,1554036091.053290
23,1554036091.053857
24,1554036091.054154
0,1554036091.055427
1,1554036091.055463
23,1554036091.056016
24,1554036091.056338
0,1554036091.058509
1,1554036091.058525
23,1554036091.059538
24,1554036091.060060
0,1554036091.061928
1,1554036091.061973
23,1554036091.063096
24,1554036091.063425
0,1554036091.064626
1,1554036091.064648
23,1554036091.065531
24,1554036091.065952
0,1554036091.072209
1,1554036091.072263
23,1554036091.072387
24,1554036091.072713
0,1554036091.074349
1,1554036091.074369
23,1554036091.075112
24,1554036091.075408
0,1554036091.094003
1,1554036091.094049
23,1554036091.094544
24,1554036091.094990
0,1554036091.097939
1,1554036091.097970
23,1554036091.100321
24,1554036091.100608
0,1554036091.101925
1,1554036091.101940
23,1554036091.102449
24,1554036091.102875
0,1554036091.104269
1,1554036091.104284
23,1554036091.104788
24,1554036091.105236
0,1554036091.106130
1,1554036091.106171
23,1554036091.107160
24,1554036091.107621
0,1554036091.108408
1,1554036091.108466
23,1554036091.110351
24,1554036091.110761
0,1554036091.111243
1,1554036091.111299
23,1554036091.111362
24,1554036091.111622
0,1554036091.113119
1,1554036091.113137
23,1554036091.113225
24,1554036091.113509
0,1554036091.114703
1,1554036091.114722
23,1554036091.114849
24,1554036091.115169
0,1554036091.116348
1,1554036091.116388
23,1554036091.116647
24,1554036091.116960
0,1554036091.117670
1,1554036091.117700
23,1554036091.117941
24,1554036091.118218
0,1554036091.119463
1,1554036091.119481
23,1554036091.119630
24,1554036091.119909
0,1554036091.121157
1,1554036091.121180
23,1554036091.121237
24,1554036091.121491
0,1554036091.122624
1,1554036091.122644
23,1554036091.130575
24,1554036091.130925
0,1554036091.133374
1,1554036091.133414
23,1554036091.135277
24,1554036091.135532
0,1554036091.140350
1,1554036091.140372
23,1554036091.150969
24,1554036091.151451
0,1554036091.152063
1,1554036091.152100
23,1554036091.155924
24,1554036091.156233
0,1554036091.158121
1,1554036091.158150
23,1554036091.161164
24,1554036091.161444
0,1554036091.162126
1,1554036091.162141
23,1554036091.166664
24,1554036091.166945
0,1554036091.167676
1,1554036091.167691
23,1554036091.173183
24,1554036091.173492
0,1554036091.174326
1,1554036091.174359
23,1554036091.176565
24,1554036091.176848
0,1554036091.177585
1,1554036091.177604
23,1554036091.178789
24,1554036091.179072
0,1554036091.179774
1,1554036091.179792
23,1554036091.180961
24,1554036091.181229
0,1554036091.181928
1,1554036091.181944
23,1554036091.184944
24,1554036091.185245
0,1554036091.185952
1,1554036091.185998
23,1554036091.187416
24,1554036091.187693
0,1554036091.190922
1,1554036091.190941
23,1554036091.191726
24,1554036091.192025
0,1554036091.193094
1,1554036091.193111
23,1554036091.194200
24,1554036091.194482
0,1554036091.197315
1,1554036091.197343
23,1554036091.198907
24,1554036091.199340
0,1554036091.201097
1,1554036091.201155
23,1554036091.201276
24,1554036091.201721
0,1554036091.203472
1,1554036091.203490
23,1554036091.204297
24,1554036091.204662
0,1554036091.209747
1,1554036091.209794
23,1554036091.209949
24,1554036091.210310
0,1554036091.217799
1,1554036091.217823
23,1554036091.218338
24,1554036091.218621
0,1554036091.219788
1,1554036091.219858
23,1554036091.221045
24,1554036091.221372
0,1554036091.224767
1,1554036091.224786
23,1554036091.230709
24,1554036091.230986
0,1554036091.231987
1,1554036091.232007
23,1554036091.235634
24,1554036091.236079
0,1554036091.238113
1,1554036091.238173
23,1554036091.239696
24,1554036091.240025
0,1554036091.240854
1,1554036091.240878
23,1554036091.241354
24,1554036091.241667
0,1554036091.243805
1,1554036091.243833
23,1554036091.243951
24,1554036091.244213
0,1554036091.246177
1,1554036091.246192
23,1554036091.246275
24,1554036091.246554
0,1554036091.247500
1,1554036091.247516
23,1554036091.247612
24,1554036091.247892
0,1554036091.248803
1,1554036091.248834
23,1554036091.252911
24,1554036091.253231
0,1554036091.254033
1,1554036091.254089
23,1554036091.255661
24,1554036091.255928
0,1554036091.257500
1,1554036091.257521
23,1554036091.257587
24,1554036091.257838
0,1554036091.260240
1,1554036091.260310
23,1554036091.260957
24,1554036091.261260
0,1554036091.262695
1,1554036091.262779
23,1554036091.265055
24,1554036091.265379
0,1554036091.268665
1,1554036091.268683
23,1554036091.269148
24,1554036091.269443
0,1554036091.270549
1,1554036091.270567
23,1554036091.270733
24,1554036091.271120
0,1554036091.273109
1,1554036091.273139
23,1554036091.274562
24,1554036091.274934
0,1554036091.276194
1,1554036091.276206
23,1554036091.276338
24,1554036091.276707
0,1554036091.278834
1,1554036091.278848
23,1554036091.279103
24,1554036091.279403
0,1554036091.280644
1,1554036091.280672
23,1554036091.280736
24,1554036091.281117
0,1554036091.282592
1,1554036091.282679
23,1554036091.282780
24,1554036091.283092
0,1554036091.288718
1,1554036091.288747
23,1554036091.290662
24,1554036091.291083
0,1554036091.299696
1,1554036091.299720
23,1554036091.315075
24,1554036091.315344
0,1554036091.333903
1,1554036091.333921
23,1554036091.334203
24,1554036091.334559
0,1554036091.336805
1,1554036091.336872
23,1554036091.337418
24,1554036091.337745
0,1554036091.338791
1,1554036091.338803
23,1554036091.339595
24,1554036091.339986
0,1554036091.345467
1,1554036091.345512
23,1554036091.345651
24,1554036091.346030
0,1554036091.346987
1,1554036091.346998
23,1554036091.347459
24,1554036091.347969
0,1554036091.348908
1,1554036091.348919
23,1554036091.349976
24,1554036091.350267
0,1554036091.352055
1,1554036091.352141
23,1554036091.352646
24,1554036091.352953
0,1554036091.356343
1,1554036091.356362
23,1554036091.356799
24,1554036091.357165
0,1554036091.357991
1,1554036091.358033
23,1554036091.358628
24,1554036091.358948
0,1554036091.360213
1,1554036091.360258
23,1554036091.360362
24,1554036091.360778
0,1554036091.370717
1,1554036091.370740
23,1554036091.378330
24,1554036091.378675
0,1554036091.379735
1,1554036091.379779
23,1554036091.383970
24,1554036091.384255
0,1554036091.391155
1,1554036091.391170
23,1554036091.392174
24,1554036091.392428
0,1554036091.393269
1,1554036091.393302
23,1554036091.395118
24,1554036091.395368
0,1554036091.399816
1,1554036091.399836
23,1554036091.407144
24,1554036091.407428
0,1554036091.410532
1,1554036091.410578
23,1554036091.415931
24,1554036091.416198
0,1554036091.417878
1,1554036091.417939
23,1554036091.424314
24,1554036091.424602
0,1554036091.425098
1,1554036091.425116
23,1554036091.426066
24,1554036091.426391
0,1554036091.432574
1,1554036091.432594
23,1554036091.435833
24,1554036091.436104
0,1554036091.437094
1,1554036091.437115
23,1554036091.444270
24,1554036091.444524
0,1554036091.445548
1,1554036091.445570
23,1554036091.458440
24,1554036091.461927
0,1554036091.464284
1,1554036091.464300
23,1554036091.466196
24,1554036091.466526
0,1554036091.474494
1,1554036091.474514
23,1554036091.474721
24,1554036091.475260
0,1554036091.477973
1,1554036091.477994
23,1554036091.478197
24,1554036091.478676
0,1554036091.481429
1,1554036091.481444
23,1554036091.482939
24,1554036091.483384
0,1554036091.487280
1,1554036091.487301
23,1554036091.489384
24,1554036091.489886
0,1554036091.492348
1,1554036091.492368
23,1554036091.494368
24,1554036091.494845
0,1554036091.496372
1,1554036091.496394
23,1554036091.501707
24,1554036091.502126
0,1554036091.503542
1,1554036091.503622
23,1554036091.505723
24,1554036091.506127
0,1554036091.507919
1,1554036091.507940
23,1554036091.510857
24,1554036091.511137
0,1554036091.514530
1,1554036091.514545
23,1554036091.518720
24,1554036091.519199
0,1554036091.521459
1,1554036091.521495
23,1554036091.521718
24,1554036091.522174
0,1554036091.523080
1,1554036091.523113
23,1554036091.523205
24,1554036091.523698
0,1554036091.526038
1,1554036091.526057
23,1554036091.526161
24,1554036091.526694
0,1554036091.527476
1,1554036091.527523
23,1554036091.527660
24,1554036091.528118
0,1554036091.528898
1,1554036091.528949
23,1554036091.529400
24,1554036091.529842
0,1554036091.531083
1,1554036091.531157
23,1554036091.535367
24,1554036091.535701
0,1554036091.536779
1,1554036091.536800
23,1554036091.539573
24,1554036091.539871
0,1554036091.540606
1,1554036091.540623
23,1554036091.541804
24,1554036091.542077
0,1554036091.542950
1,1554036091.542973
23,1554036091.544229
24,1554036091.544685
0,1554036091.545351
4,1554036091.545378
24,1554036091.691956
