23,1554036090.920272
1,1554036090.922132
23,1554036090.923763
24,1554036090.924093
0,1554036090.926774
1,1554036090.926828
23,1554036090.926972
24,1554036090.927230
0,1554036090.928885
1,1554036090.928959
23,1554036090.929506
24,1554036090.929834
0,1554036090.930427
1,1554036090.930441
23,1554036090.937156
24,1554036090.937505
0,1554036090.938555
1,1554036090.938616
23,1554036090.941158
24,1554036090.941549
0,1554036090.942644
1,1554036090.942657
23,1554036090.945575
24,1554036090.945942
0,1554036090.947121
1,1554036090.947134
23,1554036090.950902
24,1554036090.951354
0,1554036090.952773
1,1554036090.952786
23,1554036090.955290
24,1554036090.955670
0,1554036090.958274
1,1554036090.958289
23,1554036090.961011
24,1554036090.961317
0,1554036090.962662
1,1554036090.962692
23,1554036090.962815
24,1554036090.963136
0,1554036090.964045
1,1554036090.964100
23,1554036090.964670
24,1554036090.964974
0,1554036090.987066
1,1554036090.987125
23,1554036090.994784
24,1554036090.995062
0,1554036090.998476
1,1554036090.998522
23,1554036090.998793
24,1554036090.999144
0,1554036091.001274
1,1554036091.001291
23,1554036091.001977
24,1554036091.002283
0,1554036091.007308
1,1554036091.007341
23,1554036091.008393
24,1554036091.008716
0,1554036091.012959
1,1554036091.013015
23,1554036091.013732
24,1554036091.014137
0,1554036091.015009
1,1554036091.015026
23,1554036091.015204
24,1554036091.015522
0,1554036091.019059
1,1554036091.019107
23,1554036091.020003
24,1554036091.020340
0,1554036091.021562
1,1554036091.021621
23,1554036091.021894
24,1554036091.022178
0,1554036091.023315
1,1554036091.023331
23,1554036091.023547
24,1554036091.024042
0,1554036091.027289
1,1554036091.027340
23,1554036091.027962
24,1554036091.028264
0,1554036091.030134
1,1554036091.030211
23,1554036091.032417
24,1554036091.032715
0,1554036091.036541
1,1554036091.036589
23,1554036091.038729
24,1554036091.039082
0,1554036091.040178
1,1554036091.040238
23,1554036091.040754
24,1554036091.041046
0,1554036091.042902
1,1554036091.042959
23,1554036091.043104
24,1554036091.043494
0,1554036091.045065
1,1554036091.045124
23,1554036091.046432
24,1554036091.046724
0,1554036091.048492
1,1554036091.048539
23,1554036091.049294
24,1554036091.049652
0,1554036091.051630
1,1554036091.051672
23,1554036091.052176
24,1554036091.052488
0,1554036091.054296
1,1554036091.054311
23,1554036091.054929
24,1554036091.055261
0,1554036091.057569
1,1554036091.057586
23,1554036091.058470
24,1554036091.058926
0,1554036091.060797
1,1554036091.060831
23,1554036091.061187
24,1554036091.061504
0,1554036091.062512
1,1554036091.062590
23,1554036091.063685
24,1554036091.064004
0,1554036091.065100
1,1554036091.065169
23,1554036091.065316
24,1554036091.065739
0,1554036091.072955
1,1554036091.072991
23,1554036091.073657
24,1554036091.074156
0,1554036091.091950
1,1554036091.091972
23,1554036091.092158
24,1554036091.092498
0,1554036091.095541
1,1554036091.095573
23,1554036091.095740
24,1554036091.096051
0,1554036091.100653
1,1554036091.100693
23,1554036091.127099
24,1554036091.127403
0,1554036091.128433
1,1554036091.128462
23,1554036091.131049
24,1554036091.131303
0,1554036091.132472
1,1554036091.132487
23,1554036091.134526
24,1554036091.135208
0,1554036091.139258
1,1554036091.139275
23,1554036091.147106
24,1554036091.147567
0,1554036091.148217
1,1554036091.148236
23,1554036091.153491
24,1554036091.153914
0,1554036091.154702
1,1554036091.154721
23,1554036091.158923
24,1554036091.159219
0,1554036091.160014
1,1554036091.160031
23,1554036091.165109
24,1554036091.165424
0,1554036091.166494
1,1554036091.166535
23,1554036091.171760
24,1554036091.172096
0,1554036091.173109
1,1554036091.173141
23,1554036091.181991
24,1554036091.182280
0,1554036091.183007
1,1554036091.183025
23,1554036091.186140
24,1554036091.186436
0,1554036091.187350
1,1554036091.187382
23,1554036091.191196
24,1554036091.191585
0,1554036091.192594
1,1554036091.192615
23,1554036091.193251
24,1554036091.193561
0,1554036091.195437
1,1554036091.195470
23,1554036091.196820
24,1554036091.197339
0,1554036091.200694
1,1554036091.200714
23,1554036091.206092
24,1554036091.206415
0,1554036091.215666
1,1554036091.215740
23,1554036091.216475
24,1554036091.216813
0,1554036091.220041
1,1554036091.220061
23,1554036091.221553
24,1554036091.221828
0,1554036091.227964
1,1554036091.227977
23,1554036091.228113
24,1554036091.228400
0,1554036091.229316
1,1554036091.229334
23,1554036091.229466
24,1554036091.229745
0,1554036091.230516
1,1554036091.230534
23,1554036091.230701
24,1554036091.230969
0,1554036091.232556
1,1554036091.232574
23,1554036091.235920
24,1554036091.236334
0,1554036091.238467
1,1554036091.238514
23,1554036091.238795
24,1554036091.239108
0,1554036091.239651
1,1554036091.239708
23,1554036091.240970
24,1554036091.241299
0,1554036091.241827
1,1554036091.241873
23,1554036091.247052
24,1554036091.247411
0,1554036091.248276
1,1554036091.248310
23,1554036091.249309
24,1554036091.249628
0,1554036091.252875
1,1554036091.252905
23,1554036091.258705
24,1554036091.259036
0,1554036091.260575
1,1554036091.260622
23,1554036091.263277
24,1554036091.263555
0,1554036091.263794
1,1554036091.263810
23,1554036091.265562
24,1554036091.265903
0,1554036091.267968
1,1554036091.268027
23,1554036091.273672
24,1554036091.274017
0,1554036091.274637
1,1554036091.274656
23,1554036091.277712
24,1554036091.278029
0,1554036091.279706
1,1554036091.279735
23,1554036091.282813
24,1554036091.283124
0,1554036091.287601
1,1554036091.287645
23,1554036091.288083
24,1554036091.288424
0,1554036091.289586
1,1554036091.289604
23,1554036091.293832
24,1554036091.294156
0,1554036091.298468
1,1554036091.298486
23,1554036091.298656
24,1554036091.299009
0,1554036091.301227
1,1554036091.301245
23,1554036091.301370
24,1554036091.301660
0,1554036091.302678
1,1554036091.302714
23,1554036091.302836
24,1554036091.303130
0,1554036091.304277
1,1554036091.304293
23,1554036091.315140
24,1554036091.315396
0,1554036091.332974
1,1554036091.333018
23,1554036091.334788
24,1554036091.335091
0,1554036091.336855
1,1554036091.336896
23,1554036091.338711
15,1554036091.338948
24,1554036091.339011
0,1554036091.342252
1,1554036091.342270
23,1554036091.355130
24,1554036091.355604
0,1554036091.356699
1,1554036091.356740
23,1554036091.357273
24,1554036091.357577
0,1554036091.358652
1,1554036091.358669
23,1554036091.359490
24,1554036091.359951
0,1554036091.361145
1,1554036091.361166
23,1554036091.361315
24,1554036091.361619
0,1554036091.362432
1,1554036091.362497
23,1554036091.362672
24,1554036091.362965
0,1554036091.367618
1,1554036091.367652
23,1554036091.376265
24,1554036091.376590
0,1554036091.377888
1,1554036091.377917
23,1554036091.379000
24,1554036091.379287
0,1554036091.380431
1,1554036091.380463
23,1554036091.382647
24,1554036091.382928
0,1554036091.383939
1,1554036091.383958
23,1554036091.393417
24,1554036091.393753
0,1554036091.396472
1,1554036091.396497
23,1554036091.397387
24,1554036091.397653
0,1554036091.400515
1,1554036091.400558
23,1554036091.406849
24,1554036091.407308
0,1554036091.410054
1,1554036091.410101
23,1554036091.410572
24,1554036091.410997
0,1554036091.416803
1,1554036091.416849
23,1554036091.422296
24,1554036091.422604
0,1554036091.423417
1,1554036091.423437
23,1554036091.426943
24,1554036091.427247
0,1554036091.433281
1,1554036091.433303
23,1554036091.439032
24,1554036091.439324
0,1554036091.441743
1,1554036091.441768
23,1554036091.445685
24,1554036091.445993
0,1554036091.446805
1,1554036091.446825
23,1554036091.457488
24,1554036091.457821
0,1554036091.462318
1,1554036091.462343
23,1554036091.463871
24,1554036091.464162
0,1554036091.468611
1,1554036091.468630
23,1554036091.474385
24,1554036091.474900
0,1554036091.478490
1,1554036091.478542
23,1554036091.479484
24,1554036091.479910
0,1554036091.480732
1,1554036091.480800
23,1554036091.483425
24,1554036091.483800
0,1554036091.485897
1,1554036091.485919
23,1554036091.488355
24,1554036091.488671
0,1554036091.491284
1,1554036091.491316
23,1554036091.491413
24,1554036091.491731
0,1554036091.493017
1,1554036091.493064
23,1554036091.496554
24,1554036091.496994
0,1554036091.498225
1,1554036091.498249
23,1554036091.503255
24,1554036091.503795
0,1554036091.505156
1,1554036091.505227
23,1554036091.509498
24,1554036091.509924
0,1554036091.511482
1,1554036091.511504
23,1554036091.519958
24,1554036091.520255
0,1554036091.521516
1,1554036091.521562
23,1554036091.523913
24,1554036091.524178
0,1554036091.524919
1,1554036091.524952
23,1554036091.534728
24,1554036091.535200
0,1554036091.537829
1,1554036091.537889
23,1554036091.554037
24,1554036091.554356
0,1554036091.557728
1,1554036091.557761
23,1554036091.560129
24,1554036091.560419
0,1554036091.561258
1,1554036091.561276
23,1554036091.563685
24,1554036091.563984
0,1554036091.564837
1,1554036091.564855
23,1554036091.566067
24,1554036091.566348
0,1554036091.567257
1,1554036091.567275
23,1554036091.569741
24,1554036091.570034
0,1554036091.571010
1,1554036091.571029
23,1554036091.573809
24,1554036091.574093
0,1554036091.575052
1,1554036091.575071
23,1554036091.577757
24,1554036091.578043
0,1554036091.578927
1,1554036091.578946
23,1554036091.584461
24,1554036091.584762
0,1554036091.585736
1,1554036091.585758
23,1554036091.585842
24,1554036091.586130
0,1554036091.587140
1,1554036091.587159
23,1554036091.589507
24,1554036091.589791
0,1554036091.590757
1,1554036091.590776
23,1554036091.593264
24,1554036091.593625
0,1554036091.594861
1,1554036091.594894
23,1554036091.597655
24,1554036091.598050
0,1554036091.599049
1,1554036091.599076
23,1554036091.602408
24,1554036091.602696
0,1554036091.603704
1,1554036091.603725
23,1554036091.605724
24,1554036091.606053
0,1554036091.607924
1,1554036091.607957
23,1554036091.612043
24,1554036091.612356
0,1554036091.612949
1,1554036091.612997
23,1554036091.614218
24,1554036091.614528
0,1554036091.615038
1,1554036091.615056
23,1554036091.617330
24,1554036091.617735
0,1554036091.618221
1,1554036091.618266
23,1554036091.619489
24,1554036091.619852
0,1554036091.624136
1,1554036091.624169
23,1554036091.624302
24,1554036091.624648
0,1554036091.626914
1,1554036091.626935
23,1554036091.627069
24,1554036091.627523
0,1554036091.628957
1,1554036091.628990
23,1554036091.629107
24,1554036091.629486
0,1554036091.636615
1,1554036091.636666
23,1554036091.647034
24,1554036091.647392
0,1554036091.657745
1,1554036091.657781
23,1554036091.659827
24,1554036091.660255
0,1554036091.663130
1,1554036091.663190
23,1554036091.663270
24,1554036091.663525
0,1554036091.687039
1,1554036091.687070
23,1554036091.687556
24,1554036091.687809
0,1554036091.691904
4,1554036091.691925
24,1554036091.691946
